#-----------------------------------------------------------
# Vivado v2020.1 (64-bit)
# SW Build 2902540 on Wed May 27 19:54:49 MDT 2020
# IP Build 2902112 on Wed May 27 22:43:36 MDT 2020
# Start of session at: Sat Feb  6 00:00:25 2021
# Process ID: 9728
# Current directory: C:/Users/Ponce/Desktop/finalAlfin
# Command line: vivado.exe -gui_launcher_event rodinguilauncherevent8432 C:\Users\Ponce\Desktop\finalAlfin\finalAlfin.xpr
# Log file: C:/Users/Ponce/Desktop/finalAlfin/vivado.log
# Journal file: C:/Users/Ponce/Desktop/finalAlfin\vivado.jou
#-----------------------------------------------------------
start_gui
open_project C:/Users/Ponce/Desktop/finalAlfin/finalAlfin.xpr
Scanning sources...
Finished scanning sources
INFO: [IP_Flow 19-234] Refreshing IP repositories
INFO: [IP_Flow 19-1704] No user IP repositories specified
INFO: [IP_Flow 19-2313] Loaded Vivado IP repository 'C:/Xilinx/Vivado/2020.1/data/ip'.
open_project: Time (s): cpu = 00:00:19 ; elapsed = 00:00:13 . Memory (MB): peak = 1025.117 ; gain = 0.000
reset_run synth_1
launch_runs synth_1
[Sat Feb  6 00:01:41 2021] Launched synth_1...
Run output will be captured here: C:/Users/Ponce/Desktop/finalAlfin/finalAlfin.runs/synth_1/runme.log
launch_runs impl_1
[Sat Feb  6 00:03:02 2021] Launched impl_1...
Run output will be captured here: C:/Users/Ponce/Desktop/finalAlfin/finalAlfin.runs/impl_1/runme.log
open_run impl_1
INFO: [Device 21-403] Loading part xc7a12ticsg325-1L
Netlist sorting complete. Time (s): cpu = 00:00:00 ; elapsed = 00:00:00.008 . Memory (MB): peak = 1068.789 ; gain = 0.000
INFO: [Netlist 29-17] Analyzing 11 Unisim elements for replacement
INFO: [Netlist 29-28] Unisim Transformation completed in 0 CPU seconds
INFO: [Project 1-479] Netlist was created with Vivado 2020.1
INFO: [Project 1-570] Preparing netlist for logic optimization
Reading XDEF placement.
Reading placer database...
Reading XDEF routing.
Read XDEF File: Time (s): cpu = 00:00:00 ; elapsed = 00:00:00.095 . Memory (MB): peak = 1140.148 ; gain = 0.250
Restored from archive | CPU: 0.000000 secs | Memory: 0.000000 MB |
Finished XDEF File Restore: Time (s): cpu = 00:00:00 ; elapsed = 00:00:00.097 . Memory (MB): peak = 1140.148 ; gain = 0.375
Netlist sorting complete. Time (s): cpu = 00:00:00 ; elapsed = 00:00:00 . Memory (MB): peak = 1140.273 ; gain = 0.000
INFO: [Project 1-111] Unisim Transformation Summary:
  A total of 1 instances were transformed.
  LDCP => LDCP (GND, LDCE, LUT3(x2), VCC): 1 instance 

open_run: Time (s): cpu = 00:00:29 ; elapsed = 00:00:24 . Memory (MB): peak = 1246.020 ; gain = 220.902
WARNING: [Timing 38-313] There are no user specified timing constraints. Timing constraints are needed for proper timing analysis.
exit
INFO: [Common 17-206] Exiting Vivado at Sat Feb  6 00:07:25 2021...
