Copyright 1986-2020 Xilinx, Inc. All Rights Reserved.
--------------------------------------------------------------------------------------------------------------------------------------------------------------------------------------------
| Tool Version : Vivado v.2020.1 (win64) Build 2902540 Wed May 27 19:54:49 MDT 2020
| Date         : Sat Feb  6 00:05:22 2021
| Host         : Ponce-PC running 64-bit Service Pack 1  (build 7601)
| Command      : report_timing_summary -max_paths 10 -file MCD_MCM_timing_summary_routed.rpt -pb MCD_MCM_timing_summary_routed.pb -rpx MCD_MCM_timing_summary_routed.rpx -warn_on_violation
| Design       : MCD_MCM
| Device       : 7a12ti-csg325
| Speed File   : -1L  PRODUCTION 1.23 2018-06-13
--------------------------------------------------------------------------------------------------------------------------------------------------------------------------------------------

Timing Summary Report

------------------------------------------------------------------------------------------------
| Timer Settings
| --------------
------------------------------------------------------------------------------------------------

  Enable Multi Corner Analysis               :  Yes
  Enable Pessimism Removal                   :  Yes
  Pessimism Removal Resolution               :  Nearest Common Node
  Enable Input Delay Default Clock           :  No
  Enable Preset / Clear Arcs                 :  No
  Disable Flight Delays                      :  No
  Ignore I/O Paths                           :  No
  Timing Early Launch at Borrowing Latches   :  No
  Borrow Time for Max Delay Exceptions       :  Yes
  Merge Timing Exceptions                    :  Yes

  Corner  Analyze    Analyze    
  Name    Max Paths  Min Paths  
  ------  ---------  ---------  
  Slow    Yes        Yes        
  Fast    Yes        Yes        



check_timing report

Table of Contents
-----------------
1. checking no_clock (94)
2. checking constant_clock (0)
3. checking pulse_width_clock (0)
4. checking unconstrained_internal_endpoints (150)
5. checking no_input_delay (19)
6. checking no_output_delay (16)
7. checking multiple_clock (0)
8. checking generated_clocks (0)
9. checking loops (0)
10. checking partial_input_delay (0)
11. checking partial_output_delay (0)
12. checking latch_loops (0)

1. checking no_clock (94)
-------------------------
 There are 52 register/latch pins with no clock driven by root clock pin: CLK0 (HIGH)

 There are 2 register/latch pins with no clock driven by root clock pin: REGISTROY/OUTRY_reg[0]/Q (HIGH)

 There are 2 register/latch pins with no clock driven by root clock pin: REGISTROY/OUTRY_reg[1]/Q (HIGH)

 There are 2 register/latch pins with no clock driven by root clock pin: REGISTROY/OUTRY_reg[2]/Q (HIGH)

 There are 2 register/latch pins with no clock driven by root clock pin: REGISTROY/OUTRY_reg[3]/Q (HIGH)

 There are 2 register/latch pins with no clock driven by root clock pin: REGISTROY/OUTRY_reg[4]/Q (HIGH)

 There are 2 register/latch pins with no clock driven by root clock pin: REGISTROY/OUTRY_reg[5]/Q (HIGH)

 There are 2 register/latch pins with no clock driven by root clock pin: REGISTROY/OUTRY_reg[6]/Q (HIGH)

 There are 2 register/latch pins with no clock driven by root clock pin: REGISTROY/OUTRY_reg[7]/Q (HIGH)

 There are 2 register/latch pins with no clock driven by root clock pin: REGITROX/OUTRX_reg[0]/Q (HIGH)

 There are 2 register/latch pins with no clock driven by root clock pin: REGITROX/OUTRX_reg[1]/Q (HIGH)

 There are 2 register/latch pins with no clock driven by root clock pin: REGITROX/OUTRX_reg[2]/Q (HIGH)

 There are 2 register/latch pins with no clock driven by root clock pin: REGITROX/OUTRX_reg[3]/Q (HIGH)

 There are 2 register/latch pins with no clock driven by root clock pin: REGITROX/OUTRX_reg[4]/Q (HIGH)

 There are 2 register/latch pins with no clock driven by root clock pin: REGITROX/OUTRX_reg[5]/Q (HIGH)

 There are 2 register/latch pins with no clock driven by root clock pin: REGITROX/OUTRX_reg[6]/Q (HIGH)

 There are 2 register/latch pins with no clock driven by root clock pin: REGITROX/OUTRX_reg[7]/Q (HIGH)

 There are 2 register/latch pins with no clock driven by root clock pin: UNIDADDECONTROL/FSM_onehot_PRESENT_S_reg[10]/Q (HIGH)

 There are 2 register/latch pins with no clock driven by root clock pin: UNIDADDECONTROL/FSM_onehot_PRESENT_S_reg[1]/Q (HIGH)

 There are 2 register/latch pins with no clock driven by root clock pin: UNIDADDECONTROL/FSM_onehot_PRESENT_S_reg[6]/Q (HIGH)

 There are 2 register/latch pins with no clock driven by root clock pin: UNIDADDECONTROL/FSM_onehot_PRESENT_S_reg[7]/Q (HIGH)

 There are 2 register/latch pins with no clock driven by root clock pin: UNIDADDECONTROL/FSM_onehot_PRESENT_S_reg[9]/Q (HIGH)


2. checking constant_clock (0)
------------------------------
 There are 0 register/latch pins with constant_clock.


3. checking pulse_width_clock (0)
---------------------------------
 There are 0 register/latch pins which need pulse_width check


4. checking unconstrained_internal_endpoints (150)
--------------------------------------------------
 There are 150 pins that are not constrained for maximum delay. (HIGH)

 There are 0 pins that are not constrained for maximum delay due to constant clock.


5. checking no_input_delay (19)
-------------------------------
 There are 19 input ports with no input delay specified. (HIGH)

 There are 0 input ports with no input delay but user has a false path constraint.


6. checking no_output_delay (16)
--------------------------------
 There are 16 ports with no output delay specified. (HIGH)

 There are 0 ports with no output delay but user has a false path constraint

 There are 0 ports with no output delay but with a timing clock defined on it or propagating through it


7. checking multiple_clock (0)
------------------------------
 There are 0 register/latch pins with multiple clocks.


8. checking generated_clocks (0)
--------------------------------
 There are 0 generated clocks that are not connected to a clock source.


9. checking loops (0)
---------------------
 There are 0 combinational loops in the design.


10. checking partial_input_delay (0)
------------------------------------
 There are 0 input ports with partial input delay specified.


11. checking partial_output_delay (0)
-------------------------------------
 There are 0 ports with partial output delay specified.


12. checking latch_loops (0)
----------------------------
 There are 0 combinational latch loops in the design through latch input



------------------------------------------------------------------------------------------------
| Design Timing Summary
| ---------------------
------------------------------------------------------------------------------------------------

    WNS(ns)      TNS(ns)  TNS Failing Endpoints  TNS Total Endpoints      WHS(ns)      THS(ns)  THS Failing Endpoints  THS Total Endpoints     WPWS(ns)     TPWS(ns)  TPWS Failing Endpoints  TPWS Total Endpoints  
    -------      -------  ---------------------  -------------------      -------      -------  ---------------------  -------------------     --------     --------  ----------------------  --------------------  
         NA           NA                     NA                   NA           NA           NA                     NA                   NA           NA           NA                      NA                    NA  


There are no user specified timing constraints.


------------------------------------------------------------------------------------------------
| Clock Summary
| -------------
------------------------------------------------------------------------------------------------


------------------------------------------------------------------------------------------------
| Intra Clock Table
| -----------------
------------------------------------------------------------------------------------------------

Clock             WNS(ns)      TNS(ns)  TNS Failing Endpoints  TNS Total Endpoints      WHS(ns)      THS(ns)  THS Failing Endpoints  THS Total Endpoints     WPWS(ns)     TPWS(ns)  TPWS Failing Endpoints  TPWS Total Endpoints  
-----             -------      -------  ---------------------  -------------------      -------      -------  ---------------------  -------------------     --------     --------  ----------------------  --------------------  


------------------------------------------------------------------------------------------------
| Inter Clock Table
| -----------------
------------------------------------------------------------------------------------------------

From Clock    To Clock          WNS(ns)      TNS(ns)  TNS Failing Endpoints  TNS Total Endpoints      WHS(ns)      THS(ns)  THS Failing Endpoints  THS Total Endpoints  
----------    --------          -------      -------  ---------------------  -------------------      -------      -------  ---------------------  -------------------  


------------------------------------------------------------------------------------------------
| Other Path Groups Table
| -----------------------
------------------------------------------------------------------------------------------------

Path Group    From Clock    To Clock          WNS(ns)      TNS(ns)  TNS Failing Endpoints  TNS Total Endpoints      WHS(ns)      THS(ns)  THS Failing Endpoints  THS Total Endpoints  
----------    ----------    --------          -------      -------  ---------------------  -------------------      -------      -------  ---------------------  -------------------  


------------------------------------------------------------------------------------------------
| Timing Details
| --------------
------------------------------------------------------------------------------------------------


