Vivado Simulator 2020.1
Copyright 1986-1999, 2001-2020 Xilinx, Inc. All Rights Reserved.
Running: C:/Xilinx/Vivado/2020.1/bin/unwrapped/win64.o/xelab.exe -wto ab9fefe4ea1749eab686f56c3339f2c7 --incr --debug typical --relax --mt 2 -L xil_defaultlib -L secureip --snapshot datapathGCD_behav xil_defaultlib.datapathGCD -log elaborate.log 
Using 2 slave threads.
Starting static elaboration
WARNING: [VRFC 10-4940] 'mux2' remains a black box since it has no binding entity [C:/Users/Ponce/Desktop/proyecto_final_el_bueno/proyecto_final_el_bueno.srcs/sources_1/new/datapathGCD.vhd:95]
WARNING: [VRFC 10-4940] 'mux2' remains a black box since it has no binding entity [C:/Users/Ponce/Desktop/proyecto_final_el_bueno/proyecto_final_el_bueno.srcs/sources_1/new/datapathGCD.vhd:101]
WARNING: [VRFC 10-4940] 'reg' remains a black box since it has no binding entity [C:/Users/Ponce/Desktop/proyecto_final_el_bueno/proyecto_final_el_bueno.srcs/sources_1/new/datapathGCD.vhd:107]
WARNING: [VRFC 10-4940] 'reg' remains a black box since it has no binding entity [C:/Users/Ponce/Desktop/proyecto_final_el_bueno/proyecto_final_el_bueno.srcs/sources_1/new/datapathGCD.vhd:116]
WARNING: [VRFC 10-4940] 'reg' remains a black box since it has no binding entity [C:/Users/Ponce/Desktop/proyecto_final_el_bueno/proyecto_final_el_bueno.srcs/sources_1/new/datapathGCD.vhd:125]
Completed static elaboration
Starting simulation data flow analysis
Completed simulation data flow analysis
Time Resolution for simulation is 1ps
Compiling package std.standard
Compiling package std.textio
Compiling package ieee.std_logic_1164
Compiling package ieee.std_logic_arith
Compiling package ieee.std_logic_unsigned
Compiling architecture behavioral of entity xil_defaultlib.datapathgcd
Built simulation snapshot datapathGCD_behav
